[2.044s] Invoking command in '/home/sunrise/xgo_demo/build/xgo_head': CMAKE_PREFIX_PATH=${CMAKE_PREFIX_PATH}:/home/sunrise/xgo_demo/install/xgo_body_py:/opt/tros/humble:/opt/ros/humble /usr/bin/cmake --build /home/sunrise/xgo_demo/build/xgo_head -- -j4 -l4
[2.384s] [35m[1mConsolidate compiler generated dependencies of target xgo_head[0m
[2.917s] [  2%] [32mBuilding CXX object CMakeFiles/xgo_head.dir/src/rclcomm.cpp.o[0m
[31.464s] [01m[K/home/sunrise/xgo_demo/src/xgo_head/src/rclcomm.cpp:[m[K In member function â€˜[01m[Kvoid rclcomm::recvCompressedImageCallback(sensor_msgs::msg::CompressedImage_<std::allocator<void> >::SharedPtr)[m[Kâ€™:
[31.464s] [01m[K/home/sunrise/xgo_demo/src/xgo_head/src/rclcomm.cpp:442:18:[m[K [01;31m[Kerror: [m[Kno matching function for call to â€˜[01m[KTLog::d(const char [34], double&, double&, double&, double&)[m[Kâ€™
[31.465s]   442 |           [01;31m[KTLog::d("draw line from (%f,%f) to (%f,%f)", prevX, prevY, currX, currY)[m[K;
[31.466s]       |           [01;31m[K~~~~~~~^~~~~~~~~~~~~~~~~~~~~~~~~~~~~~~~~~~~~~~~~~~~~~~~~~~~~~~~~~~~~~~~~[m[K
[31.466s] In file included from [01m[K/home/sunrise/xgo_demo/src/xgo_head/include/rclcomm.h:30[m[K,
[31.467s]                  from [01m[K/home/sunrise/xgo_demo/src/xgo_head/src/rclcomm.cpp:1[m[K:
[31.468s] [01m[K/home/sunrise/xgo_demo/src/xgo_head/include/TLog.h:27:17:[m[K [01;36m[Knote: [m[Kcandidate: â€˜[01m[Kstatic void TLog::d(QString)[m[Kâ€™
[31.468s]    27 |     static void [01;36m[Kd[m[K(QString txt);
[31.469s]       |                 [01;36m[K^[m[K
[31.470s] [01m[K/home/sunrise/xgo_demo/src/xgo_head/include/TLog.h:27:17:[m[K [01;36m[Knote: [m[K  candidate expects 1 argument, 5 provided
[71.175s] gmake[2]: *** [CMakeFiles/xgo_head.dir/build.make:290: CMakeFiles/xgo_head.dir/src/rclcomm.cpp.o] Error 1
[71.177s] gmake[1]: *** [CMakeFiles/Makefile2:137: CMakeFiles/xgo_head.dir/all] Error 2
[71.179s] gmake: *** [Makefile:146: all] Error 2
[71.186s] Invoked command in '/home/sunrise/xgo_demo/build/xgo_head' returned '2': CMAKE_PREFIX_PATH=${CMAKE_PREFIX_PATH}:/home/sunrise/xgo_demo/install/xgo_body_py:/opt/tros/humble:/opt/ros/humble /usr/bin/cmake --build /home/sunrise/xgo_demo/build/xgo_head -- -j4 -l4
