[2.481s] Invoking command in '/home/sunrise/xgo_demo/build/xgo_head': CMAKE_PREFIX_PATH=${CMAKE_PREFIX_PATH}:/home/sunrise/xgo_demo/install/xgo_body_py:/opt/tros/humble:/opt/ros/humble /usr/bin/cmake --build /home/sunrise/xgo_demo/build/xgo_head -- -j4 -l4
[2.565s] gmake: Warning: File 'Makefile' has modification time 4830359 s in the future
[2.704s] gmake[1]: Warning: File 'CMakeFiles/Makefile2' has modification time 4830359 s in the future
[2.830s] gmake[2]: Warning: File 'CMakeFiles/xgo_head.dir/flags.make' has modification time 4830359 s in the future
[2.929s] gmake[2]: warning:  Clock skew detected.  Your build may be incomplete.
[3.028s] gmake[2]: Warning: File 'CMakeFiles/xgo_head.dir/flags.make' has modification time 4830359 s in the future
[3.356s] [  2%] [32mBuilding CXX object CMakeFiles/xgo_head.dir/src/main.cpp.o[0m
[36.426s] [  5%] [32mBuilding CXX object CMakeFiles/xgo_head.dir/include/moc_mainwindow.cpp.o[0m
[38.487s] [  8%] [32mBuilding CXX object CMakeFiles/xgo_head.dir/src/rclcomm.cpp.o[0m
[70.707s] [01m[K/home/sunrise/xgo_demo/src/xgo_head/src/rclcomm.cpp:[m[K In member function â€˜[01m[Kvoid rclcomm::recvCompressedImageCallback(sensor_msgs::msg::CompressedImage_<std::allocator<void> >::SharedPtr)[m[Kâ€™:
[70.708s] [01m[K/home/sunrise/xgo_demo/src/xgo_head/src/rclcomm.cpp:427:37:[m[K [01;31m[Kerror: [m[Kâ€˜[01m[Kclass QList<TrackedPoint>::const_iterator[m[Kâ€™ has no member named â€˜[01m[Kpos[m[Kâ€™
[70.709s]   427 |         QPointF prev_pos = it_point.[01;31m[Kpos[m[K;
[70.711s]       |                                     [01;31m[K^~~[m[K
[70.712s] [01m[K/home/sunrise/xgo_demo/src/xgo_head/src/rclcomm.cpp:437:46:[m[K [01;31m[Kerror: [m[Kâ€˜[01m[Kclass QList<TrackedPoint>::const_iterator[m[Kâ€™ has no member named â€˜[01m[Kpos[m[Kâ€™
[70.713s]   437 |           const QPointF& curr_pos = it_point.[01;31m[Kpos[m[K;
[70.714s]       |                                              [01;31m[K^~~[m[K
[70.715s] [01m[K/home/sunrise/xgo_demo/src/xgo_head/src/rclcomm.cpp:442:18:[m[K [01;31m[Kerror: [m[Kno matching function for call to â€˜[01m[KTLog::d(const char [34], double&, double&, double&, double&)[m[Kâ€™
[70.716s]   442 |           [01;31m[KTLog::d("draw line from (%f,%f) to (%f,%f)", prevX, prevY, currX, currY)[m[K;
[70.717s]       |           [01;31m[K~~~~~~~^~~~~~~~~~~~~~~~~~~~~~~~~~~~~~~~~~~~~~~~~~~~~~~~~~~~~~~~~~~~~~~~~[m[K
[70.718s] In file included from [01m[K/home/sunrise/xgo_demo/src/xgo_head/include/rclcomm.h:30[m[K,
[70.719s]                  from [01m[K/home/sunrise/xgo_demo/src/xgo_head/src/rclcomm.cpp:1[m[K:
[70.720s] [01m[K/home/sunrise/xgo_demo/src/xgo_head/include/TLog.h:27:17:[m[K [01;36m[Knote: [m[Kcandidate: â€˜[01m[Kstatic void TLog::d(QString)[m[Kâ€™
[70.721s]    27 |     static void [01;36m[Kd[m[K(QString txt);
[70.722s]       |                 [01;36m[K^[m[K
[70.722s] [01m[K/home/sunrise/xgo_demo/src/xgo_head/include/TLog.h:27:17:[m[K [01;36m[Knote: [m[K  candidate expects 1 argument, 5 provided
[76.535s] [ 14%] [32mBuilding CXX object CMakeFiles/xgo_head.dir/src/mainwindow.cpp.o[0m
[76.538s] [ 14%] [32mBuilding CXX object CMakeFiles/xgo_head.dir/include/moc_rclcomm.cpp.o[0m
[507.270s] [01m[Kc++:[m[K [01;31m[Kfatal error: [m[KKilled signal terminated program cc1plus
[507.292s] compilation terminated.
[507.293s] gmake[2]: *** [CMakeFiles/xgo_head.dir/build.make:290: CMakeFiles/xgo_head.dir/src/rclcomm.cpp.o] Error 1
[507.294s] gmake[2]: *** Waiting for unfinished jobs....
[515.551s] [01m[K/home/sunrise/xgo_demo/src/xgo_head/src/mainwindow.cpp:[m[K In member function â€˜[01m[Kvoid MainWindow::updateTopicInfo(QString)[m[Kâ€™:
[515.552s] [01m[K/home/sunrise/xgo_demo/src/xgo_head/src/mainwindow.cpp:69:42:[m[K [01;35m[Kwarning: [m[Kunused parameter â€˜[01m[Kdata[m[Kâ€™ [[01;35m[K]8;;https://gcc.gnu.org/onlinedocs/gcc/Warning-Options.html#index-Wunused-parameter-Wunused-parameter]8;;[m[K]
[515.553s]    69 | void MainWindow::updateTopicInfo([01;35m[KQString data[m[K){
[515.553s]       |                                  [01;35m[K~~~~~~~~^~~~[m[K
[522.766s] gmake[1]: *** [CMakeFiles/Makefile2:137: CMakeFiles/xgo_head.dir/all] Error 2
[522.766s] gmake: *** [Makefile:146: all] Error 2
[522.937s] Invoked command in '/home/sunrise/xgo_demo/build/xgo_head' returned '2': CMAKE_PREFIX_PATH=${CMAKE_PREFIX_PATH}:/home/sunrise/xgo_demo/install/xgo_body_py:/opt/tros/humble:/opt/ros/humble /usr/bin/cmake --build /home/sunrise/xgo_demo/build/xgo_head -- -j4 -l4
