[2.368s] Invoking command in '/home/sunrise/xgo_demo/build/xgo_head': CMAKE_PREFIX_PATH=${CMAKE_PREFIX_PATH}:/home/sunrise/xgo_demo/install/xgo_body_py:/opt/tros/humble:/opt/ros/humble /usr/bin/cmake --build /home/sunrise/xgo_demo/build/xgo_head -- -j4 -l4
[2.653s] [35m[1mConsolidate compiler generated dependencies of target xgo_head[0m
[3.008s] [  2%] [32mBuilding CXX object CMakeFiles/xgo_head.dir/src/rclcomm.cpp.o[0m
[32.164s] [01m[K/home/sunrise/xgo_demo/src/xgo_head/src/rclcomm.cpp:[m[K In member function â€˜[01m[Kvoid rclcomm::recvFaceAgeCallback(ai_msgs::msg::PerceptionTargets_<std::allocator<void> >::SharedPtr)[m[Kâ€™:
[32.166s] [01m[K/home/sunrise/xgo_demo/src/xgo_head/src/rclcomm.cpp:578:18:[m[K [01;31m[Kerror: [m[Kâ€˜[01m[KfaceAge[m[Kâ€™ was not declared in this scope; did you mean â€˜[01m[KmFaceAge[m[Kâ€™?
[32.169s]   578 |     int ageNum = [01;31m[KfaceAge[m[K.size();
[32.170s]       |                  [01;31m[K^~~~~~~[m[K
[32.171s]       |                  [32m[KmFaceAge[m[K
[72.045s] gmake[2]: *** [CMakeFiles/xgo_head.dir/build.make:290: CMakeFiles/xgo_head.dir/src/rclcomm.cpp.o] Error 1
[72.046s] gmake[1]: *** [CMakeFiles/Makefile2:137: CMakeFiles/xgo_head.dir/all] Error 2
[72.047s] gmake: *** [Makefile:146: all] Error 2
[72.057s] Invoked command in '/home/sunrise/xgo_demo/build/xgo_head' returned '2': CMAKE_PREFIX_PATH=${CMAKE_PREFIX_PATH}:/home/sunrise/xgo_demo/install/xgo_body_py:/opt/tros/humble:/opt/ros/humble /usr/bin/cmake --build /home/sunrise/xgo_demo/build/xgo_head -- -j4 -l4
