[  2%] [32mBuilding CXX object CMakeFiles/xgo_head.dir/src/MatrixLabel.cpp.o[0m
[01m[K/home/sunrise/xgo_demo/src/xgo_head/src/MatrixLabel.cpp:[m[K In member function â€˜[01m[Kvoid MatrixLabel::stop_function()[m[Kâ€™:
[01m[K/home/sunrise/xgo_demo/src/xgo_head/src/MatrixLabel.cpp:18:13:[m[K [01;31m[Kerror: [m[Kâ€˜[01m[Krunning_function[m[Kâ€™ was not declared in this scope; did you mean â€˜[01m[Kis_running_function[m[Kâ€™?
   18 |     else if([01;31m[Krunning_function[m[K == true)
      |             [01;31m[K^~~~~~~~~~~~~~~~[m[K
      |             [32m[Kis_running_function[m[K
gmake[2]: *** [CMakeFiles/xgo_head.dir/build.make:164: CMakeFiles/xgo_head.dir/src/MatrixLabel.cpp.o] Error 1
gmake[1]: *** [CMakeFiles/Makefile2:137: CMakeFiles/xgo_head.dir/all] Error 2
gmake: *** [Makefile:146: all] Error 2
