[3.957s] Invoking command in '/home/sunrise/xgo_demo/build/xgo_head': CMAKE_PREFIX_PATH=${CMAKE_PREFIX_PATH}:/home/sunrise/xgo_demo/install/xgo_motion:/home/sunrise/xgo_demo/install/xgo_device:/home/sunrise/xgo_demo/install/xgo_body_py:/opt/tros/humble:/opt/ros/humble /usr/bin/cmake --build /home/sunrise/xgo_demo/build/xgo_head -- -j4 -l4
[4.687s] [  2%] [32mBuilding CXX object CMakeFiles/xgo_head.dir/src/MatrixLabel.cpp.o[0m
[13.463s] [01m[K/home/sunrise/xgo_demo/src/xgo_head/src/MatrixLabel.cpp:[m[K In member function â€˜[01m[Kvoid MatrixLabel::stop_function()[m[Kâ€™:
[13.464s] [01m[K/home/sunrise/xgo_demo/src/xgo_head/src/MatrixLabel.cpp:18:13:[m[K [01;31m[Kerror: [m[Kâ€˜[01m[Krunning_function[m[Kâ€™ was not declared in this scope; did you mean â€˜[01m[Kis_running_function[m[Kâ€™?
[13.470s]    18 |     else if([01;31m[Krunning_function[m[K == true)
[13.471s]       |             [01;31m[K^~~~~~~~~~~~~~~~[m[K
[13.472s]       |             [32m[Kis_running_function[m[K
[14.225s] gmake[2]: *** [CMakeFiles/xgo_head.dir/build.make:164: CMakeFiles/xgo_head.dir/src/MatrixLabel.cpp.o] Error 1
[14.226s] gmake[1]: *** [CMakeFiles/Makefile2:137: CMakeFiles/xgo_head.dir/all] Error 2
[14.227s] gmake: *** [Makefile:146: all] Error 2
[14.235s] Invoked command in '/home/sunrise/xgo_demo/build/xgo_head' returned '2': CMAKE_PREFIX_PATH=${CMAKE_PREFIX_PATH}:/home/sunrise/xgo_demo/install/xgo_motion:/home/sunrise/xgo_demo/install/xgo_device:/home/sunrise/xgo_demo/install/xgo_body_py:/opt/tros/humble:/opt/ros/humble /usr/bin/cmake --build /home/sunrise/xgo_demo/build/xgo_head -- -j4 -l4
