[3.996s] Invoking command in '/home/sunrise/xgo_demo/build/xgo_head': CMAKE_PREFIX_PATH=${CMAKE_PREFIX_PATH}:/home/sunrise/xgo_demo/install/xgo_motion:/home/sunrise/xgo_demo/install/xgo_device:/home/sunrise/xgo_demo/install/xgo_body_py:/opt/tros/humble:/opt/ros/humble /usr/bin/cmake --build /home/sunrise/xgo_demo/build/xgo_head -- -j4 -l4
[4.382s] [35m[1mConsolidate compiler generated dependencies of target xgo_head[0m
[5.152s] [  2%] [32mBuilding CXX object CMakeFiles/xgo_head.dir/src/mainwindow.cpp.o[0m
[36.164s] [01m[K/home/sunrise/xgo_demo/src/xgo_head/src/mainwindow.cpp:[m[K In member function â€˜[01m[Kvoid MainWindow::updateTopicInfo(QString)[m[Kâ€™:
[36.165s] [01m[K/home/sunrise/xgo_demo/src/xgo_head/src/mainwindow.cpp:68:42:[m[K [01;35m[Kwarning: [m[Kunused parameter â€˜[01m[Kdata[m[Kâ€™ [[01;35m[K]8;;https://gcc.gnu.org/onlinedocs/gcc/Warning-Options.html#index-Wunused-parameter-Wunused-parameter]8;;[m[K]
[36.166s]    68 | void MainWindow::updateTopicInfo([01;35m[KQString data[m[K){
[36.167s]       |                                  [01;35m[K~~~~~~~~^~~~[m[K
[36.257s] [01m[K/home/sunrise/xgo_demo/src/xgo_head/src/mainwindow.cpp:[m[K In member function â€˜[01m[Kvoid MainWindow::onGpioData(int, int, int)[m[Kâ€™:
[36.258s] [01m[K/home/sunrise/xgo_demo/src/xgo_head/src/mainwindow.cpp:136:44:[m[K [01;31m[Kerror: [m[Kâ€˜[01m[Kinterval[m[Kâ€™ was not declared in this scope; did you mean â€˜[01m[KQInternal[m[Kâ€™?
[36.258s]   136 |         gpioKeyLeftUp = new GpioReader(12, [01;31m[Kinterval[m[K);
[36.259s]       |                                            [01;31m[K^~~~~~~~[m[K
[36.260s]       |                                            [32m[KQInternal[m[K
[41.832s] gmake[2]: *** [CMakeFiles/xgo_head.dir/build.make:276: CMakeFiles/xgo_head.dir/src/mainwindow.cpp.o] Error 1
[41.833s] gmake[1]: *** [CMakeFiles/Makefile2:137: CMakeFiles/xgo_head.dir/all] Error 2
[41.834s] gmake: *** [Makefile:146: all] Error 2
[41.842s] Invoked command in '/home/sunrise/xgo_demo/build/xgo_head' returned '2': CMAKE_PREFIX_PATH=${CMAKE_PREFIX_PATH}:/home/sunrise/xgo_demo/install/xgo_motion:/home/sunrise/xgo_demo/install/xgo_device:/home/sunrise/xgo_demo/install/xgo_body_py:/opt/tros/humble:/opt/ros/humble /usr/bin/cmake --build /home/sunrise/xgo_demo/build/xgo_head -- -j4 -l4
